The target system is: Generic -  - 
The host system is: Linux - 5.15.0-69-generic - x86_64
Compiling the C compiler identification source file "CMakeCCompilerId.c" succeeded.
Compiler: /usr/bin/avr-gcc 
Build flags: 
Id flags:  

The output was:
0


Compilation of the C compiler identification source "CMakeCCompilerId.c" produced "a.out"

The C compiler identification is GNU, found in "/workspace/CMakeFiles/3.20.6/CompilerIdC/a.out"

Compiling the CXX compiler identification source file "CMakeCXXCompilerId.cpp" succeeded.
Compiler: /usr/bin/avr-g++ 
Build flags: 
Id flags:  

The output was:
0


Compilation of the CXX compiler identification source "CMakeCXXCompilerId.cpp" produced "a.out"

The CXX compiler identification is GNU, found in "/workspace/CMakeFiles/3.20.6/CompilerIdCXX/a.out"

Checking whether the ASM compiler is GNU using "--version" matched "(GNU assembler)|(GCC)|(Free Software Foundation)":
avr-gcc (Alpine Linux) 10.2.0
Copyright (C) 2020 Free Software Foundation, Inc.
This is free software; see the source for copying conditions.  There is NO
warranty; not even for MERCHANTABILITY or FITNESS FOR A PARTICULAR PURPOSE.

Detecting C compiler ABI info compiled with the following output:
Change Dir: /workspace/CMakeFiles/CMakeTmp

Run Build Command(s):/usr/bin/make -f Makefile cmTC_6c699/fast && /usr/bin/make  -f CMakeFiles/cmTC_6c699.dir/build.make CMakeFiles/cmTC_6c699.dir/build
make[1]: Entering directory '/workspace/CMakeFiles/CMakeTmp'
Building C object CMakeFiles/cmTC_6c699.dir/CMakeCCompilerABI.c.obj
/usr/bin/avr-gcc   -v -o CMakeFiles/cmTC_6c699.dir/CMakeCCompilerABI.c.obj -c /usr/share/cmake/Modules/CMakeCCompilerABI.c
Using built-in specs.
Reading specs from /usr/lib/gcc/avr/10.2.0/device-specs/specs-avr2
COLLECT_GCC=/usr/bin/avr-gcc
Target: avr
Configured with: /home/buildozer/aports/community/gcc-avr/src/gcc-10.2.0/configure --target=avr --prefix=/usr --with-sysroot=/usr/avr --with-native-system-header-dir=/include --with-headers=/usr/avr/include --with-python-dir=share/gcc-avr --libexecdir=/usr/lib --enable-languages=c,c++ --enable-__cxa_atexit --disable-install-libiberty --disable-libssp --disable-libstdcxx-pch --disable-libunwind-exceptions --disable-linker-build-id --disable-nls --disable-werror --with-gnu-as --with-gnu-ld --with-system-zlib --with-isl --with-avrlibc --with-pkgversion='Alpine Linux'
Thread model: single
Supported LTO compression algorithms: zlib
gcc version 10.2.0 (Alpine Linux) 
COLLECT_GCC_OPTIONS='-v' '-o' 'CMakeFiles/cmTC_6c699.dir/CMakeCCompilerABI.c.obj' '-c' '-mdouble=32' '-mlong-double=64' '-specs=device-specs/specs-avr2'
 /usr/lib/gcc/avr/10.2.0/cc1 -quiet -v /usr/share/cmake/Modules/CMakeCCompilerABI.c -mn-flash=6 -mskip-bug -quiet -dumpbase CMakeCCompilerABI.c -mdouble=32 -mlong-double=64 -auxbase-strip CMakeFiles/cmTC_6c699.dir/CMakeCCompilerABI.c.obj -version -o /tmp/cchlEpOf.s
GNU C17 (Alpine Linux) version 10.2.0 (avr)
	compiled by GNU C version 10.3.1 20210424, GMP version 6.2.1, MPFR version 4.1.0, MPC version 1.2.1, isl version isl-0.22-GMP

GGC heuristics: --param ggc-min-expand=100 --param ggc-min-heapsize=131072
ignoring nonexistent directory "/usr/avr/usr/local/include"
ignoring duplicate directory "/usr/avr/include"
#include "..." search starts here:
#include <...> search starts here:
 /usr/lib/gcc/avr/10.2.0/include
 /usr/lib/gcc/avr/10.2.0/include-fixed
 /usr/lib/gcc/avr/10.2.0/../../../../avr/include
End of search list.
GNU C17 (Alpine Linux) version 10.2.0 (avr)
	compiled by GNU C version 10.3.1 20210424, GMP version 6.2.1, MPFR version 4.1.0, MPC version 1.2.1, isl version isl-0.22-GMP

GGC heuristics: --param ggc-min-expand=100 --param ggc-min-heapsize=131072
Compiler executable checksum: b12b35fcb0c1b780021742ba445c7175
COLLECT_GCC_OPTIONS='-v' '-o' 'CMakeFiles/cmTC_6c699.dir/CMakeCCompilerABI.c.obj' '-c' '-mdouble=32' '-mlong-double=64' '-specs=device-specs/specs-avr2'
 /usr/lib/gcc/avr/10.2.0/../../../../avr/bin/as -v -mmcu=avr2 -mgcc-isr -o CMakeFiles/cmTC_6c699.dir/CMakeCCompilerABI.c.obj /tmp/cchlEpOf.s
GNU assembler version 2.35.2 (avr) using BFD version (GNU Binutils) 2.35.2
COMPILER_PATH=/usr/lib/gcc/avr/10.2.0/:/usr/lib/gcc/avr/10.2.0/:/usr/lib/gcc/avr/:/usr/lib/gcc/avr/10.2.0/:/usr/lib/gcc/avr/:/usr/lib/gcc/avr/10.2.0/../../../../avr/bin/
LIBRARY_PATH=/usr/lib/gcc/avr/10.2.0/:/usr/lib/gcc/avr/10.2.0/../../../../avr/lib/:/usr/avr/lib/
COLLECT_GCC_OPTIONS='-v' '-o' 'CMakeFiles/cmTC_6c699.dir/CMakeCCompilerABI.c.obj' '-c' '-mdouble=32' '-mlong-double=64' '-specs=device-specs/specs-avr2'
Linking C executable cmTC_6c699
/usr/bin/cmake -E cmake_link_script CMakeFiles/cmTC_6c699.dir/link.txt --verbose=1
/usr/bin/avr-gcc  -v CMakeFiles/cmTC_6c699.dir/CMakeCCompilerABI.c.obj -o cmTC_6c699 
Using built-in specs.
Reading specs from /usr/lib/gcc/avr/10.2.0/device-specs/specs-avr2
COLLECT_GCC=/usr/bin/avr-gcc
COLLECT_LTO_WRAPPER=/usr/lib/gcc/avr/10.2.0/lto-wrapper
Target: avr
Configured with: /home/buildozer/aports/community/gcc-avr/src/gcc-10.2.0/configure --target=avr --prefix=/usr --with-sysroot=/usr/avr --with-native-system-header-dir=/include --with-headers=/usr/avr/include --with-python-dir=share/gcc-avr --libexecdir=/usr/lib --enable-languages=c,c++ --enable-__cxa_atexit --disable-install-libiberty --disable-libssp --disable-libstdcxx-pch --disable-libunwind-exceptions --disable-linker-build-id --disable-nls --disable-werror --with-gnu-as --with-gnu-ld --with-system-zlib --with-isl --with-avrlibc --with-pkgversion='Alpine Linux'
Thread model: single
Supported LTO compression algorithms: zlib
gcc version 10.2.0 (Alpine Linux) 
COMPILER_PATH=/usr/lib/gcc/avr/10.2.0/:/usr/lib/gcc/avr/10.2.0/:/usr/lib/gcc/avr/:/usr/lib/gcc/avr/10.2.0/:/usr/lib/gcc/avr/:/usr/lib/gcc/avr/10.2.0/../../../../avr/bin/
LIBRARY_PATH=/usr/lib/gcc/avr/10.2.0/:/usr/lib/gcc/avr/10.2.0/../../../../avr/lib/:/usr/avr/lib/
COLLECT_GCC_OPTIONS='-v' '-o' 'cmTC_6c699' '-mdouble=32' '-mlong-double=64' '-specs=device-specs/specs-avr2'
 /usr/lib/gcc/avr/10.2.0/collect2 -plugin /usr/lib/gcc/avr/10.2.0/liblto_plugin.so -plugin-opt=/usr/lib/gcc/avr/10.2.0/lto-wrapper -plugin-opt=-fresolution=/tmp/cclOeHhK.res -plugin-opt=-pass-through=-lgcc -plugin-opt=-pass-through=-lm -plugin-opt=-pass-through=-lc --sysroot=/usr/avr -o cmTC_6c699 -L/usr/lib/gcc/avr/10.2.0 -L/usr/lib/gcc/avr/10.2.0/../../../../avr/lib -L/usr/avr/lib CMakeFiles/cmTC_6c699.dir/CMakeCCompilerABI.c.obj --start-group -lgcc -lm -lc --end-group
COLLECT_GCC_OPTIONS='-v' '-o' 'cmTC_6c699' '-mdouble=32' '-mlong-double=64' '-specs=device-specs/specs-avr2'
make[1]: Leaving directory '/workspace/CMakeFiles/CMakeTmp'



Parsed C implicit include dir info from above output: rv=done
  found start of include info
  found start of implicit include info
    add: [/usr/lib/gcc/avr/10.2.0/include]
    add: [/usr/lib/gcc/avr/10.2.0/include-fixed]
    add: [/usr/lib/gcc/avr/10.2.0/../../../../avr/include]
  end of search list found
  collapse include dir [/usr/lib/gcc/avr/10.2.0/include] ==> [/usr/lib/gcc/avr/10.2.0/include]
  collapse include dir [/usr/lib/gcc/avr/10.2.0/include-fixed] ==> [/usr/lib/gcc/avr/10.2.0/include-fixed]
  collapse include dir [/usr/lib/gcc/avr/10.2.0/../../../../avr/include] ==> [/usr/avr/include]
  implicit include dirs: [/usr/lib/gcc/avr/10.2.0/include;/usr/lib/gcc/avr/10.2.0/include-fixed;/usr/avr/include]


Parsed C implicit link information from above output:
  link line regex: [^( *|.*[/\])(avr-ld|CMAKE_LINK_STARTFILE-NOTFOUND|([^/\]+-)?ld|collect2)[^/\]*( |$)]
  ignore line: [Change Dir: /workspace/CMakeFiles/CMakeTmp]
  ignore line: []
  ignore line: [Run Build Command(s):/usr/bin/make -f Makefile cmTC_6c699/fast && /usr/bin/make  -f CMakeFiles/cmTC_6c699.dir/build.make CMakeFiles/cmTC_6c699.dir/build]
  ignore line: [make[1]: Entering directory '/workspace/CMakeFiles/CMakeTmp']
  ignore line: [Building C object CMakeFiles/cmTC_6c699.dir/CMakeCCompilerABI.c.obj]
  ignore line: [/usr/bin/avr-gcc   -v -o CMakeFiles/cmTC_6c699.dir/CMakeCCompilerABI.c.obj -c /usr/share/cmake/Modules/CMakeCCompilerABI.c]
  ignore line: [Using built-in specs.]
  ignore line: [Reading specs from /usr/lib/gcc/avr/10.2.0/device-specs/specs-avr2]
  ignore line: [COLLECT_GCC=/usr/bin/avr-gcc]
  ignore line: [Target: avr]
  ignore line: [Configured with: /home/buildozer/aports/community/gcc-avr/src/gcc-10.2.0/configure --target=avr --prefix=/usr --with-sysroot=/usr/avr --with-native-system-header-dir=/include --with-headers=/usr/avr/include --with-python-dir=share/gcc-avr --libexecdir=/usr/lib --enable-languages=c,c++ --enable-__cxa_atexit --disable-install-libiberty --disable-libssp --disable-libstdcxx-pch --disable-libunwind-exceptions --disable-linker-build-id --disable-nls --disable-werror --with-gnu-as --with-gnu-ld --with-system-zlib --with-isl --with-avrlibc --with-pkgversion='Alpine Linux']
  ignore line: [Thread model: single]
  ignore line: [Supported LTO compression algorithms: zlib]
  ignore line: [gcc version 10.2.0 (Alpine Linux) ]
  ignore line: [COLLECT_GCC_OPTIONS='-v' '-o' 'CMakeFiles/cmTC_6c699.dir/CMakeCCompilerABI.c.obj' '-c' '-mdouble=32' '-mlong-double=64' '-specs=device-specs/specs-avr2']
  ignore line: [ /usr/lib/gcc/avr/10.2.0/cc1 -quiet -v /usr/share/cmake/Modules/CMakeCCompilerABI.c -mn-flash=6 -mskip-bug -quiet -dumpbase CMakeCCompilerABI.c -mdouble=32 -mlong-double=64 -auxbase-strip CMakeFiles/cmTC_6c699.dir/CMakeCCompilerABI.c.obj -version -o /tmp/cchlEpOf.s]
  ignore line: [GNU C17 (Alpine Linux) version 10.2.0 (avr)]
  ignore line: [	compiled by GNU C version 10.3.1 20210424  GMP version 6.2.1  MPFR version 4.1.0  MPC version 1.2.1  isl version isl-0.22-GMP]
  ignore line: []
  ignore line: [GGC heuristics: --param ggc-min-expand=100 --param ggc-min-heapsize=131072]
  ignore line: [ignoring nonexistent directory "/usr/avr/usr/local/include"]
  ignore line: [ignoring duplicate directory "/usr/avr/include"]
  ignore line: [#include "..." search starts here:]
  ignore line: [#include <...> search starts here:]
  ignore line: [ /usr/lib/gcc/avr/10.2.0/include]
  ignore line: [ /usr/lib/gcc/avr/10.2.0/include-fixed]
  ignore line: [ /usr/lib/gcc/avr/10.2.0/../../../../avr/include]
  ignore line: [End of search list.]
  ignore line: [GNU C17 (Alpine Linux) version 10.2.0 (avr)]
  ignore line: [	compiled by GNU C version 10.3.1 20210424  GMP version 6.2.1  MPFR version 4.1.0  MPC version 1.2.1  isl version isl-0.22-GMP]
  ignore line: []
  ignore line: [GGC heuristics: --param ggc-min-expand=100 --param ggc-min-heapsize=131072]
  ignore line: [Compiler executable checksum: b12b35fcb0c1b780021742ba445c7175]
  ignore line: [COLLECT_GCC_OPTIONS='-v' '-o' 'CMakeFiles/cmTC_6c699.dir/CMakeCCompilerABI.c.obj' '-c' '-mdouble=32' '-mlong-double=64' '-specs=device-specs/specs-avr2']
  ignore line: [ /usr/lib/gcc/avr/10.2.0/../../../../avr/bin/as -v -mmcu=avr2 -mgcc-isr -o CMakeFiles/cmTC_6c699.dir/CMakeCCompilerABI.c.obj /tmp/cchlEpOf.s]
  ignore line: [GNU assembler version 2.35.2 (avr) using BFD version (GNU Binutils) 2.35.2]
  ignore line: [COMPILER_PATH=/usr/lib/gcc/avr/10.2.0/:/usr/lib/gcc/avr/10.2.0/:/usr/lib/gcc/avr/:/usr/lib/gcc/avr/10.2.0/:/usr/lib/gcc/avr/:/usr/lib/gcc/avr/10.2.0/../../../../avr/bin/]
  ignore line: [LIBRARY_PATH=/usr/lib/gcc/avr/10.2.0/:/usr/lib/gcc/avr/10.2.0/../../../../avr/lib/:/usr/avr/lib/]
  ignore line: [COLLECT_GCC_OPTIONS='-v' '-o' 'CMakeFiles/cmTC_6c699.dir/CMakeCCompilerABI.c.obj' '-c' '-mdouble=32' '-mlong-double=64' '-specs=device-specs/specs-avr2']
  ignore line: [Linking C executable cmTC_6c699]
  ignore line: [/usr/bin/cmake -E cmake_link_script CMakeFiles/cmTC_6c699.dir/link.txt --verbose=1]
  ignore line: [/usr/bin/avr-gcc  -v CMakeFiles/cmTC_6c699.dir/CMakeCCompilerABI.c.obj -o cmTC_6c699 ]
  ignore line: [Using built-in specs.]
  ignore line: [Reading specs from /usr/lib/gcc/avr/10.2.0/device-specs/specs-avr2]
  ignore line: [COLLECT_GCC=/usr/bin/avr-gcc]
  ignore line: [COLLECT_LTO_WRAPPER=/usr/lib/gcc/avr/10.2.0/lto-wrapper]
  ignore line: [Target: avr]
  ignore line: [Configured with: /home/buildozer/aports/community/gcc-avr/src/gcc-10.2.0/configure --target=avr --prefix=/usr --with-sysroot=/usr/avr --with-native-system-header-dir=/include --with-headers=/usr/avr/include --with-python-dir=share/gcc-avr --libexecdir=/usr/lib --enable-languages=c,c++ --enable-__cxa_atexit --disable-install-libiberty --disable-libssp --disable-libstdcxx-pch --disable-libunwind-exceptions --disable-linker-build-id --disable-nls --disable-werror --with-gnu-as --with-gnu-ld --with-system-zlib --with-isl --with-avrlibc --with-pkgversion='Alpine Linux']
  ignore line: [Thread model: single]
  ignore line: [Supported LTO compression algorithms: zlib]
  ignore line: [gcc version 10.2.0 (Alpine Linux) ]
  ignore line: [COMPILER_PATH=/usr/lib/gcc/avr/10.2.0/:/usr/lib/gcc/avr/10.2.0/:/usr/lib/gcc/avr/:/usr/lib/gcc/avr/10.2.0/:/usr/lib/gcc/avr/:/usr/lib/gcc/avr/10.2.0/../../../../avr/bin/]
  ignore line: [LIBRARY_PATH=/usr/lib/gcc/avr/10.2.0/:/usr/lib/gcc/avr/10.2.0/../../../../avr/lib/:/usr/avr/lib/]
  ignore line: [COLLECT_GCC_OPTIONS='-v' '-o' 'cmTC_6c699' '-mdouble=32' '-mlong-double=64' '-specs=device-specs/specs-avr2']
  link line: [ /usr/lib/gcc/avr/10.2.0/collect2 -plugin /usr/lib/gcc/avr/10.2.0/liblto_plugin.so -plugin-opt=/usr/lib/gcc/avr/10.2.0/lto-wrapper -plugin-opt=-fresolution=/tmp/cclOeHhK.res -plugin-opt=-pass-through=-lgcc -plugin-opt=-pass-through=-lm -plugin-opt=-pass-through=-lc --sysroot=/usr/avr -o cmTC_6c699 -L/usr/lib/gcc/avr/10.2.0 -L/usr/lib/gcc/avr/10.2.0/../../../../avr/lib -L/usr/avr/lib CMakeFiles/cmTC_6c699.dir/CMakeCCompilerABI.c.obj --start-group -lgcc -lm -lc --end-group]
    arg [/usr/lib/gcc/avr/10.2.0/collect2] ==> ignore
    arg [-plugin] ==> ignore
    arg [/usr/lib/gcc/avr/10.2.0/liblto_plugin.so] ==> ignore
    arg [-plugin-opt=/usr/lib/gcc/avr/10.2.0/lto-wrapper] ==> ignore
    arg [-plugin-opt=-fresolution=/tmp/cclOeHhK.res] ==> ignore
    arg [-plugin-opt=-pass-through=-lgcc] ==> ignore
    arg [-plugin-opt=-pass-through=-lm] ==> ignore
    arg [-plugin-opt=-pass-through=-lc] ==> ignore
    arg [--sysroot=/usr/avr] ==> ignore
    arg [-o] ==> ignore
    arg [cmTC_6c699] ==> ignore
    arg [-L/usr/lib/gcc/avr/10.2.0] ==> dir [/usr/lib/gcc/avr/10.2.0]
    arg [-L/usr/lib/gcc/avr/10.2.0/../../../../avr/lib] ==> dir [/usr/lib/gcc/avr/10.2.0/../../../../avr/lib]
    arg [-L/usr/avr/lib] ==> dir [/usr/avr/lib]
    arg [CMakeFiles/cmTC_6c699.dir/CMakeCCompilerABI.c.obj] ==> ignore
    arg [--start-group] ==> ignore
    arg [-lgcc] ==> lib [gcc]
    arg [-lm] ==> lib [m]
    arg [-lc] ==> lib [c]
    arg [--end-group] ==> ignore
  collapse library dir [/usr/lib/gcc/avr/10.2.0] ==> [/usr/lib/gcc/avr/10.2.0]
  collapse library dir [/usr/lib/gcc/avr/10.2.0/../../../../avr/lib] ==> [/usr/avr/lib]
  collapse library dir [/usr/avr/lib] ==> [/usr/avr/lib]
  implicit libs: [gcc;m;c]
  implicit objs: []
  implicit dirs: [/usr/lib/gcc/avr/10.2.0;/usr/avr/lib]
  implicit fwks: []


Detecting CXX compiler ABI info compiled with the following output:
Change Dir: /workspace/CMakeFiles/CMakeTmp

Run Build Command(s):/usr/bin/make -f Makefile cmTC_e3af1/fast && /usr/bin/make  -f CMakeFiles/cmTC_e3af1.dir/build.make CMakeFiles/cmTC_e3af1.dir/build
make[1]: Entering directory '/workspace/CMakeFiles/CMakeTmp'
Building CXX object CMakeFiles/cmTC_e3af1.dir/CMakeCXXCompilerABI.cpp.obj
/usr/bin/avr-g++   -v -o CMakeFiles/cmTC_e3af1.dir/CMakeCXXCompilerABI.cpp.obj -c /usr/share/cmake/Modules/CMakeCXXCompilerABI.cpp
Using built-in specs.
Reading specs from /usr/lib/gcc/avr/10.2.0/device-specs/specs-avr2
COLLECT_GCC=/usr/bin/avr-g++
Target: avr
Configured with: /home/buildozer/aports/community/gcc-avr/src/gcc-10.2.0/configure --target=avr --prefix=/usr --with-sysroot=/usr/avr --with-native-system-header-dir=/include --with-headers=/usr/avr/include --with-python-dir=share/gcc-avr --libexecdir=/usr/lib --enable-languages=c,c++ --enable-__cxa_atexit --disable-install-libiberty --disable-libssp --disable-libstdcxx-pch --disable-libunwind-exceptions --disable-linker-build-id --disable-nls --disable-werror --with-gnu-as --with-gnu-ld --with-system-zlib --with-isl --with-avrlibc --with-pkgversion='Alpine Linux'
Thread model: single
Supported LTO compression algorithms: zlib
gcc version 10.2.0 (Alpine Linux) 
COLLECT_GCC_OPTIONS='-v' '-o' 'CMakeFiles/cmTC_e3af1.dir/CMakeCXXCompilerABI.cpp.obj' '-c' '-mdouble=32' '-mlong-double=64' '-specs=device-specs/specs-avr2'
 /usr/lib/gcc/avr/10.2.0/cc1plus -quiet -v /usr/share/cmake/Modules/CMakeCXXCompilerABI.cpp -mn-flash=6 -mskip-bug -quiet -dumpbase CMakeCXXCompilerABI.cpp -mdouble=32 -mlong-double=64 -auxbase-strip CMakeFiles/cmTC_e3af1.dir/CMakeCXXCompilerABI.cpp.obj -version -mn-flash=6 -mskip-bug -fno-rtti -fno-enforce-eh-specs -fno-exceptions -o /tmp/ccaiflcD.s
GNU C++14 (Alpine Linux) version 10.2.0 (avr)
	compiled by GNU C version 10.3.1 20210424, GMP version 6.2.1, MPFR version 4.1.0, MPC version 1.2.1, isl version isl-0.22-GMP

GGC heuristics: --param ggc-min-expand=100 --param ggc-min-heapsize=131072
ignoring nonexistent directory "/usr/lib/gcc/avr/10.2.0/../../../../avr/include/c++/10.2.0"
ignoring nonexistent directory "/usr/lib/gcc/avr/10.2.0/../../../../avr/include/c++/10.2.0/avr"
ignoring nonexistent directory "/usr/lib/gcc/avr/10.2.0/../../../../avr/include/c++/10.2.0/backward"
ignoring nonexistent directory "/usr/avr/usr/local/include"
ignoring duplicate directory "/usr/avr/include"
#include "..." search starts here:
#include <...> search starts here:
 /usr/lib/gcc/avr/10.2.0/include
 /usr/lib/gcc/avr/10.2.0/include-fixed
 /usr/lib/gcc/avr/10.2.0/../../../../avr/include
End of search list.
GNU C++14 (Alpine Linux) version 10.2.0 (avr)
	compiled by GNU C version 10.3.1 20210424, GMP version 6.2.1, MPFR version 4.1.0, MPC version 1.2.1, isl version isl-0.22-GMP

GGC heuristics: --param ggc-min-expand=100 --param ggc-min-heapsize=131072
Compiler executable checksum: 8322dec2fb9d515392f3f3fbf4044c6d
COLLECT_GCC_OPTIONS='-v' '-o' 'CMakeFiles/cmTC_e3af1.dir/CMakeCXXCompilerABI.cpp.obj' '-c' '-mdouble=32' '-mlong-double=64' '-specs=device-specs/specs-avr2'
 /usr/lib/gcc/avr/10.2.0/../../../../avr/bin/as -v -mmcu=avr2 -mgcc-isr -o CMakeFiles/cmTC_e3af1.dir/CMakeCXXCompilerABI.cpp.obj /tmp/ccaiflcD.s
GNU assembler version 2.35.2 (avr) using BFD version (GNU Binutils) 2.35.2
COMPILER_PATH=/usr/lib/gcc/avr/10.2.0/:/usr/lib/gcc/avr/10.2.0/:/usr/lib/gcc/avr/:/usr/lib/gcc/avr/10.2.0/:/usr/lib/gcc/avr/:/usr/lib/gcc/avr/10.2.0/../../../../avr/bin/
LIBRARY_PATH=/usr/lib/gcc/avr/10.2.0/:/usr/lib/gcc/avr/10.2.0/../../../../avr/lib/:/usr/avr/lib/
COLLECT_GCC_OPTIONS='-v' '-o' 'CMakeFiles/cmTC_e3af1.dir/CMakeCXXCompilerABI.cpp.obj' '-c' '-mdouble=32' '-mlong-double=64' '-specs=device-specs/specs-avr2'
Linking CXX executable cmTC_e3af1
/usr/bin/cmake -E cmake_link_script CMakeFiles/cmTC_e3af1.dir/link.txt --verbose=1
/usr/bin/avr-g++  -v CMakeFiles/cmTC_e3af1.dir/CMakeCXXCompilerABI.cpp.obj -o cmTC_e3af1 
Using built-in specs.
Reading specs from /usr/lib/gcc/avr/10.2.0/device-specs/specs-avr2
COLLECT_GCC=/usr/bin/avr-g++
COLLECT_LTO_WRAPPER=/usr/lib/gcc/avr/10.2.0/lto-wrapper
Target: avr
Configured with: /home/buildozer/aports/community/gcc-avr/src/gcc-10.2.0/configure --target=avr --prefix=/usr --with-sysroot=/usr/avr --with-native-system-header-dir=/include --with-headers=/usr/avr/include --with-python-dir=share/gcc-avr --libexecdir=/usr/lib --enable-languages=c,c++ --enable-__cxa_atexit --disable-install-libiberty --disable-libssp --disable-libstdcxx-pch --disable-libunwind-exceptions --disable-linker-build-id --disable-nls --disable-werror --with-gnu-as --with-gnu-ld --with-system-zlib --with-isl --with-avrlibc --with-pkgversion='Alpine Linux'
Thread model: single
Supported LTO compression algorithms: zlib
gcc version 10.2.0 (Alpine Linux) 
COMPILER_PATH=/usr/lib/gcc/avr/10.2.0/:/usr/lib/gcc/avr/10.2.0/:/usr/lib/gcc/avr/:/usr/lib/gcc/avr/10.2.0/:/usr/lib/gcc/avr/:/usr/lib/gcc/avr/10.2.0/../../../../avr/bin/
LIBRARY_PATH=/usr/lib/gcc/avr/10.2.0/:/usr/lib/gcc/avr/10.2.0/../../../../avr/lib/:/usr/avr/lib/
COLLECT_GCC_OPTIONS='-v' '-o' 'cmTC_e3af1' '-mdouble=32' '-mlong-double=64' '-specs=device-specs/specs-avr2'
 /usr/lib/gcc/avr/10.2.0/collect2 -plugin /usr/lib/gcc/avr/10.2.0/liblto_plugin.so -plugin-opt=/usr/lib/gcc/avr/10.2.0/lto-wrapper -plugin-opt=-fresolution=/tmp/ccldHGpa.res -plugin-opt=-pass-through=-lgcc -plugin-opt=-pass-through=-lm -plugin-opt=-pass-through=-lc --sysroot=/usr/avr -o cmTC_e3af1 -L/usr/lib/gcc/avr/10.2.0 -L/usr/lib/gcc/avr/10.2.0/../../../../avr/lib -L/usr/avr/lib CMakeFiles/cmTC_e3af1.dir/CMakeCXXCompilerABI.cpp.obj -lgcc -lm --start-group -lgcc -lm -lc --end-group
COLLECT_GCC_OPTIONS='-v' '-o' 'cmTC_e3af1' '-mdouble=32' '-mlong-double=64' '-specs=device-specs/specs-avr2'
make[1]: Leaving directory '/workspace/CMakeFiles/CMakeTmp'



Parsed CXX implicit include dir info from above output: rv=done
  found start of include info
  found start of implicit include info
    add: [/usr/lib/gcc/avr/10.2.0/include]
    add: [/usr/lib/gcc/avr/10.2.0/include-fixed]
    add: [/usr/lib/gcc/avr/10.2.0/../../../../avr/include]
  end of search list found
  collapse include dir [/usr/lib/gcc/avr/10.2.0/include] ==> [/usr/lib/gcc/avr/10.2.0/include]
  collapse include dir [/usr/lib/gcc/avr/10.2.0/include-fixed] ==> [/usr/lib/gcc/avr/10.2.0/include-fixed]
  collapse include dir [/usr/lib/gcc/avr/10.2.0/../../../../avr/include] ==> [/usr/avr/include]
  implicit include dirs: [/usr/lib/gcc/avr/10.2.0/include;/usr/lib/gcc/avr/10.2.0/include-fixed;/usr/avr/include]


Parsed CXX implicit link information from above output:
  link line regex: [^( *|.*[/\])(avr-ld|CMAKE_LINK_STARTFILE-NOTFOUND|([^/\]+-)?ld|collect2)[^/\]*( |$)]
  ignore line: [Change Dir: /workspace/CMakeFiles/CMakeTmp]
  ignore line: []
  ignore line: [Run Build Command(s):/usr/bin/make -f Makefile cmTC_e3af1/fast && /usr/bin/make  -f CMakeFiles/cmTC_e3af1.dir/build.make CMakeFiles/cmTC_e3af1.dir/build]
  ignore line: [make[1]: Entering directory '/workspace/CMakeFiles/CMakeTmp']
  ignore line: [Building CXX object CMakeFiles/cmTC_e3af1.dir/CMakeCXXCompilerABI.cpp.obj]
  ignore line: [/usr/bin/avr-g++   -v -o CMakeFiles/cmTC_e3af1.dir/CMakeCXXCompilerABI.cpp.obj -c /usr/share/cmake/Modules/CMakeCXXCompilerABI.cpp]
  ignore line: [Using built-in specs.]
  ignore line: [Reading specs from /usr/lib/gcc/avr/10.2.0/device-specs/specs-avr2]
  ignore line: [COLLECT_GCC=/usr/bin/avr-g++]
  ignore line: [Target: avr]
  ignore line: [Configured with: /home/buildozer/aports/community/gcc-avr/src/gcc-10.2.0/configure --target=avr --prefix=/usr --with-sysroot=/usr/avr --with-native-system-header-dir=/include --with-headers=/usr/avr/include --with-python-dir=share/gcc-avr --libexecdir=/usr/lib --enable-languages=c,c++ --enable-__cxa_atexit --disable-install-libiberty --disable-libssp --disable-libstdcxx-pch --disable-libunwind-exceptions --disable-linker-build-id --disable-nls --disable-werror --with-gnu-as --with-gnu-ld --with-system-zlib --with-isl --with-avrlibc --with-pkgversion='Alpine Linux']
  ignore line: [Thread model: single]
  ignore line: [Supported LTO compression algorithms: zlib]
  ignore line: [gcc version 10.2.0 (Alpine Linux) ]
  ignore line: [COLLECT_GCC_OPTIONS='-v' '-o' 'CMakeFiles/cmTC_e3af1.dir/CMakeCXXCompilerABI.cpp.obj' '-c' '-mdouble=32' '-mlong-double=64' '-specs=device-specs/specs-avr2']
  ignore line: [ /usr/lib/gcc/avr/10.2.0/cc1plus -quiet -v /usr/share/cmake/Modules/CMakeCXXCompilerABI.cpp -mn-flash=6 -mskip-bug -quiet -dumpbase CMakeCXXCompilerABI.cpp -mdouble=32 -mlong-double=64 -auxbase-strip CMakeFiles/cmTC_e3af1.dir/CMakeCXXCompilerABI.cpp.obj -version -mn-flash=6 -mskip-bug -fno-rtti -fno-enforce-eh-specs -fno-exceptions -o /tmp/ccaiflcD.s]
  ignore line: [GNU C++14 (Alpine Linux) version 10.2.0 (avr)]
  ignore line: [	compiled by GNU C version 10.3.1 20210424  GMP version 6.2.1  MPFR version 4.1.0  MPC version 1.2.1  isl version isl-0.22-GMP]
  ignore line: []
  ignore line: [GGC heuristics: --param ggc-min-expand=100 --param ggc-min-heapsize=131072]
  ignore line: [ignoring nonexistent directory "/usr/lib/gcc/avr/10.2.0/../../../../avr/include/c++/10.2.0"]
  ignore line: [ignoring nonexistent directory "/usr/lib/gcc/avr/10.2.0/../../../../avr/include/c++/10.2.0/avr"]
  ignore line: [ignoring nonexistent directory "/usr/lib/gcc/avr/10.2.0/../../../../avr/include/c++/10.2.0/backward"]
  ignore line: [ignoring nonexistent directory "/usr/avr/usr/local/include"]
  ignore line: [ignoring duplicate directory "/usr/avr/include"]
  ignore line: [#include "..." search starts here:]
  ignore line: [#include <...> search starts here:]
  ignore line: [ /usr/lib/gcc/avr/10.2.0/include]
  ignore line: [ /usr/lib/gcc/avr/10.2.0/include-fixed]
  ignore line: [ /usr/lib/gcc/avr/10.2.0/../../../../avr/include]
  ignore line: [End of search list.]
  ignore line: [GNU C++14 (Alpine Linux) version 10.2.0 (avr)]
  ignore line: [	compiled by GNU C version 10.3.1 20210424  GMP version 6.2.1  MPFR version 4.1.0  MPC version 1.2.1  isl version isl-0.22-GMP]
  ignore line: []
  ignore line: [GGC heuristics: --param ggc-min-expand=100 --param ggc-min-heapsize=131072]
  ignore line: [Compiler executable checksum: 8322dec2fb9d515392f3f3fbf4044c6d]
  ignore line: [COLLECT_GCC_OPTIONS='-v' '-o' 'CMakeFiles/cmTC_e3af1.dir/CMakeCXXCompilerABI.cpp.obj' '-c' '-mdouble=32' '-mlong-double=64' '-specs=device-specs/specs-avr2']
  ignore line: [ /usr/lib/gcc/avr/10.2.0/../../../../avr/bin/as -v -mmcu=avr2 -mgcc-isr -o CMakeFiles/cmTC_e3af1.dir/CMakeCXXCompilerABI.cpp.obj /tmp/ccaiflcD.s]
  ignore line: [GNU assembler version 2.35.2 (avr) using BFD version (GNU Binutils) 2.35.2]
  ignore line: [COMPILER_PATH=/usr/lib/gcc/avr/10.2.0/:/usr/lib/gcc/avr/10.2.0/:/usr/lib/gcc/avr/:/usr/lib/gcc/avr/10.2.0/:/usr/lib/gcc/avr/:/usr/lib/gcc/avr/10.2.0/../../../../avr/bin/]
  ignore line: [LIBRARY_PATH=/usr/lib/gcc/avr/10.2.0/:/usr/lib/gcc/avr/10.2.0/../../../../avr/lib/:/usr/avr/lib/]
  ignore line: [COLLECT_GCC_OPTIONS='-v' '-o' 'CMakeFiles/cmTC_e3af1.dir/CMakeCXXCompilerABI.cpp.obj' '-c' '-mdouble=32' '-mlong-double=64' '-specs=device-specs/specs-avr2']
  ignore line: [Linking CXX executable cmTC_e3af1]
  ignore line: [/usr/bin/cmake -E cmake_link_script CMakeFiles/cmTC_e3af1.dir/link.txt --verbose=1]
  ignore line: [/usr/bin/avr-g++  -v CMakeFiles/cmTC_e3af1.dir/CMakeCXXCompilerABI.cpp.obj -o cmTC_e3af1 ]
  ignore line: [Using built-in specs.]
  ignore line: [Reading specs from /usr/lib/gcc/avr/10.2.0/device-specs/specs-avr2]
  ignore line: [COLLECT_GCC=/usr/bin/avr-g++]
  ignore line: [COLLECT_LTO_WRAPPER=/usr/lib/gcc/avr/10.2.0/lto-wrapper]
  ignore line: [Target: avr]
  ignore line: [Configured with: /home/buildozer/aports/community/gcc-avr/src/gcc-10.2.0/configure --target=avr --prefix=/usr --with-sysroot=/usr/avr --with-native-system-header-dir=/include --with-headers=/usr/avr/include --with-python-dir=share/gcc-avr --libexecdir=/usr/lib --enable-languages=c,c++ --enable-__cxa_atexit --disable-install-libiberty --disable-libssp --disable-libstdcxx-pch --disable-libunwind-exceptions --disable-linker-build-id --disable-nls --disable-werror --with-gnu-as --with-gnu-ld --with-system-zlib --with-isl --with-avrlibc --with-pkgversion='Alpine Linux']
  ignore line: [Thread model: single]
  ignore line: [Supported LTO compression algorithms: zlib]
  ignore line: [gcc version 10.2.0 (Alpine Linux) ]
  ignore line: [COMPILER_PATH=/usr/lib/gcc/avr/10.2.0/:/usr/lib/gcc/avr/10.2.0/:/usr/lib/gcc/avr/:/usr/lib/gcc/avr/10.2.0/:/usr/lib/gcc/avr/:/usr/lib/gcc/avr/10.2.0/../../../../avr/bin/]
  ignore line: [LIBRARY_PATH=/usr/lib/gcc/avr/10.2.0/:/usr/lib/gcc/avr/10.2.0/../../../../avr/lib/:/usr/avr/lib/]
  ignore line: [COLLECT_GCC_OPTIONS='-v' '-o' 'cmTC_e3af1' '-mdouble=32' '-mlong-double=64' '-specs=device-specs/specs-avr2']
  link line: [ /usr/lib/gcc/avr/10.2.0/collect2 -plugin /usr/lib/gcc/avr/10.2.0/liblto_plugin.so -plugin-opt=/usr/lib/gcc/avr/10.2.0/lto-wrapper -plugin-opt=-fresolution=/tmp/ccldHGpa.res -plugin-opt=-pass-through=-lgcc -plugin-opt=-pass-through=-lm -plugin-opt=-pass-through=-lc --sysroot=/usr/avr -o cmTC_e3af1 -L/usr/lib/gcc/avr/10.2.0 -L/usr/lib/gcc/avr/10.2.0/../../../../avr/lib -L/usr/avr/lib CMakeFiles/cmTC_e3af1.dir/CMakeCXXCompilerABI.cpp.obj -lgcc -lm --start-group -lgcc -lm -lc --end-group]
    arg [/usr/lib/gcc/avr/10.2.0/collect2] ==> ignore
    arg [-plugin] ==> ignore
    arg [/usr/lib/gcc/avr/10.2.0/liblto_plugin.so] ==> ignore
    arg [-plugin-opt=/usr/lib/gcc/avr/10.2.0/lto-wrapper] ==> ignore
    arg [-plugin-opt=-fresolution=/tmp/ccldHGpa.res] ==> ignore
    arg [-plugin-opt=-pass-through=-lgcc] ==> ignore
    arg [-plugin-opt=-pass-through=-lm] ==> ignore
    arg [-plugin-opt=-pass-through=-lc] ==> ignore
    arg [--sysroot=/usr/avr] ==> ignore
    arg [-o] ==> ignore
    arg [cmTC_e3af1] ==> ignore
    arg [-L/usr/lib/gcc/avr/10.2.0] ==> dir [/usr/lib/gcc/avr/10.2.0]
    arg [-L/usr/lib/gcc/avr/10.2.0/../../../../avr/lib] ==> dir [/usr/lib/gcc/avr/10.2.0/../../../../avr/lib]
    arg [-L/usr/avr/lib] ==> dir [/usr/avr/lib]
    arg [CMakeFiles/cmTC_e3af1.dir/CMakeCXXCompilerABI.cpp.obj] ==> ignore
    arg [-lgcc] ==> lib [gcc]
    arg [-lm] ==> lib [m]
    arg [--start-group] ==> ignore
    arg [-lgcc] ==> lib [gcc]
    arg [-lm] ==> lib [m]
    arg [-lc] ==> lib [c]
    arg [--end-group] ==> ignore
  collapse library dir [/usr/lib/gcc/avr/10.2.0] ==> [/usr/lib/gcc/avr/10.2.0]
  collapse library dir [/usr/lib/gcc/avr/10.2.0/../../../../avr/lib] ==> [/usr/avr/lib]
  collapse library dir [/usr/avr/lib] ==> [/usr/avr/lib]
  implicit libs: [gcc;m;gcc;m;c]
  implicit objs: []
  implicit dirs: [/usr/lib/gcc/avr/10.2.0;/usr/avr/lib]
  implicit fwks: []


